./Makefile:44: illegal token in column 14, giving up (hint: fix the file or remove it from the working set)
./include/paint.h:39: MINOR:C-G7
./src/draw_erase.c:24: MAJOR:C-F3
./src/draw_erase.c:24: MINOR:C-G7
./src/init.c:36: MAJOR:C-F4
./src/init.c:37: MAJOR:C-F4
./src/init.c:38: MAJOR:C-F4
./src/init.c:39: MAJOR:C-F4
./src/init.c:40: MAJOR:C-F4
./src/init.c:41: MAJOR:C-F4
./src/init.c:42: MAJOR:C-F4
./src/init.c:43: MAJOR:C-F4
./src/init.c:44: MAJOR:C-F4
./src/init.c:45: MAJOR:C-F4
./src/init.c:46: MAJOR:C-F4
./src/init.c:70: MAJOR:C-F3
./src/init.c:71: MAJOR:C-F4
./src/init.c:72: MAJOR:C-C1
./src/init.c:72: MAJOR:C-F4
./src/init.c:73: MAJOR:C-F4
./src/init.c:74: MAJOR:C-C1
./src/init.c:74: MAJOR:C-F3
./src/init.c:74: MAJOR:C-F4
./src/init.c:75: MAJOR:C-F3
./src/init.c:75: MAJOR:C-F4
./src/init.c:76: MAJOR:C-C1
./src/init.c:76: MAJOR:C-F3
./src/init.c:76: MAJOR:C-F4
./src/init.c:77: MAJOR:C-F3
./src/init.c:77: MAJOR:C-F4
./src/init.c:78: MAJOR:C-F4
./src/init.c:79: MAJOR:C-F3
./src/init.c:79: MAJOR:C-F4
./src/init.c:80: MAJOR:C-F4
./src/init.c:81: MAJOR:C-F4
./src/init.c:82: MAJOR:C-C1
./src/init.c:82: MAJOR:C-F3
./src/init.c:82: MAJOR:C-F4
./src/init.c:83: MAJOR:C-F3
./src/init.c:83: MAJOR:C-F4
./src/init.c:84: MAJOR:C-F4
./src/init.c:85: MAJOR:C-F4
./src/init.c:86: MAJOR:C-F3
./src/init.c:86: MAJOR:C-F4
./src/init.c:87: MAJOR:C-F4
./src/init.c:88: MAJOR:C-C1
./src/init.c:88: MAJOR:C-F3
./src/init.c:88: MAJOR:C-F4
./src/init.c:89: MAJOR:C-F3
./src/init.c:89: MAJOR:C-F4
./src/init.c:90: MAJOR:C-F4
./src/init.c:91: MAJOR:C-F4
./src/init.c:92: MAJOR:C-F3
./src/init.c:92: MAJOR:C-F4
./src/init.c:93: MAJOR:C-F4
./src/init.c:94: MAJOR:C-F4
./src/init.c:95: MAJOR:C-F4
./src/init.c:96: MAJOR:C-F4
./src/init.c:97: MAJOR:C-C1
./src/init.c:97: MAJOR:C-F4
./src/init.c:98: MAJOR:C-F3
./src/init.c:98: MAJOR:C-F4
./src/init.c:99: MAJOR:C-F4
./src/init.c:100: MAJOR:C-F4
./src/init.c:101: MAJOR:C-F4
./src/init.c:102: MAJOR:C-F4
./src/init.c:103: MAJOR:C-F4
./src/init.c:104: MAJOR:C-F4
./src/init.c:105: MAJOR:C-F4
./src/init.c:106: MAJOR:C-F4
./src/init.c:107: MAJOR:C-F4
./src/init.c:107: MINOR:C-L2
./src/init.c:108: MAJOR:C-F4
./src/init.c:109: MAJOR:C-F4
./src/init.c:110: MAJOR:C-F4
./src/init.c:111: MAJOR:C-F4
./src/init.c:111: MINOR:C-L2
./src/init.c:112: MAJOR:C-F4
./src/init.c:113: MAJOR:C-F4
./src/init.c:114: MAJOR:C-F4
./src/init.c:115: MAJOR:C-F4
./src/init.c:115: MINOR:C-F8
./src/init.c:116: MAJOR:C-F4
./src/list_utils.c:1: MINOR:C-G1
./src/list_utils.c:14: MINOR:C-G7
./src/list_utils.c:46: MINOR:C-G7
./src/list_utils.c:55: MINOR:C-G8
./src/options_page.c:41: MAJOR:C-F3
./src/options_page.c:44: MAJOR:C-F3
./src/options_page.c:49: INFO:C-A3
